<?xml version="1.0" encoding="UTF-8"?>
<testng-results ignored="0" total="1" passed="1" failed="0" skipped="0">
  <reporter-output>
  </reporter-output>
  <suite started-at="2024-11-18T09:23:44 IST" name="Default suite" finished-at="2024-11-18T09:23:44 IST" duration-ms="51">
    <groups>
    </groups>
    <test started-at="2024-11-18T09:23:44 IST" name="Default test" finished-at="2024-11-18T09:23:44 IST" duration-ms="51">
      <class name="practice.TC_001">
        <test-method signature="testCase()[pri:0, instance:practice.TC_001@5ba3f27a]" started-at="2024-11-18T09:23:44 IST" name="testCase" finished-at="2024-11-18T09:23:44 IST" duration-ms="7" status="PASS">
          <reporter-output>
          </reporter-output>
        </test-method> <!-- testCase -->
      </class> <!-- practice.TC_001 -->
    </test> <!-- Default test -->
  </suite> <!-- Default suite -->
</testng-results>
